time=2024-08-28T13:38:19.181+05:00 level=INFO msg="Starting server" port=8080
time=2024-08-28T13:41:46.191+05:00 level=INFO msg="Shutdown signal received, shutting down gracefully"
time=2024-08-28T13:41:46.191+05:00 level=INFO msg="Server shutdown gracefully"
time=2024-08-28T13:41:52.787+05:00 level=INFO msg="Starting server" port=8080
time=2024-08-28T13:47:55.988+05:00 level=INFO msg="Starting server" port=8080
time=2024-08-28T13:49:12.227+05:00 level=INFO msg="Shutdown signal received, shutting down gracefully"
time=2024-08-28T13:49:12.227+05:00 level=INFO msg="Server shutdown gracefully"
time=2024-08-28T13:49:46.920+05:00 level=INFO msg="Starting server" port=8080
time=2024-08-28T13:50:00.926+05:00 level=INFO msg="Shutdown signal received, shutting down gracefully"
time=2024-08-28T13:50:00.927+05:00 level=INFO msg="Server shutdown gracefully"
time=2024-08-28T13:50:06.241+05:00 level=INFO msg="Starting server" port=8080
time=2024-08-28T14:00:24.953+05:00 level=INFO msg="Starting server" port=8080
time=2024-08-28T14:00:31.240+05:00 level=INFO msg="Shutdown signal received, shutting down gracefully"
time=2024-08-28T14:00:31.241+05:00 level=INFO msg="Server shutdown gracefully"
time=2024-08-28T14:02:35.849+05:00 level=INFO msg="Starting server" port=8080
time=2024-08-28T14:07:31.577+05:00 level=INFO msg="Starting server" port=8080
time=2024-08-28T14:26:06.750+05:00 level=INFO msg="Starting server" port=8080
time=2024-08-28T14:27:41.144+05:00 level=INFO msg="Shutdown signal received, shutting down gracefully"
time=2024-08-28T14:27:41.146+05:00 level=INFO msg="Server shutdown gracefully"
time=2024-08-28T14:27:48.639+05:00 level=INFO msg="Starting server" port=8080
time=2024-08-28T14:28:00.632+05:00 level=INFO msg="Shutdown signal received, shutting down gracefully"
time=2024-08-28T14:28:00.633+05:00 level=INFO msg="Server shutdown gracefully"
time=2024-08-28T14:28:29.264+05:00 level=INFO msg="Starting server" port=8080
time=2024-08-28T14:29:52.857+05:00 level=INFO msg="Shutdown signal received, shutting down gracefully"
time=2024-08-28T14:29:52.861+05:00 level=INFO msg="Server shutdown gracefully"
time=2024-08-28T14:29:57.191+05:00 level=INFO msg="Starting server" port=8080
time=2024-08-28T14:52:50.631+05:00 level=INFO msg="Shutdown signal received, shutting down gracefully"
time=2024-08-28T14:52:50.635+05:00 level=INFO msg="Server shutdown gracefully"
time=2024-08-28T14:57:43.578+05:00 level=INFO msg="Starting server" port=8080
time=2024-08-28T15:03:37.790+05:00 level=INFO msg="Starting server" port=8080
time=2024-08-28T15:08:16.321+05:00 level=INFO msg="Shutdown signal received, shutting down gracefully"
time=2024-08-28T15:08:16.321+05:00 level=INFO msg="Server shutdown gracefully"
time=2024-08-28T15:11:49.829+05:00 level=INFO msg="Starting server" port=8080
time=2024-08-28T15:12:33.019+05:00 level=INFO msg="Shutdown signal received, shutting down gracefully"
time=2024-08-28T15:12:33.019+05:00 level=INFO msg="Server shutdown gracefully"
time=2024-08-28T15:12:37.704+05:00 level=INFO msg="Starting server" port=8080
time=2024-08-28T15:12:49.674+05:00 level=INFO msg="Shutdown signal received, shutting down gracefully"
time=2024-08-28T15:12:49.675+05:00 level=INFO msg="Server shutdown gracefully"
time=2024-08-28T15:13:12.122+05:00 level=INFO msg="Starting server" port=8080
time=2024-08-28T15:26:32.649+05:00 level=INFO msg="Logger initialized"
time=2024-08-28T15:26:32.655+05:00 level=INFO msg="Connected to database"
time=2024-08-28T15:26:32.669+05:00 level=INFO msg="Connected to Redis"
time=2024-08-28T15:26:32.670+05:00 level=INFO msg="OpenTelemetry Tracer initialized"
time=2024-08-28T15:26:32.670+05:00 level=INFO msg="Prometheus metrics initialized"
time=2024-08-28T15:26:32.670+05:00 level=INFO msg="Service and repository layers initialized"
time=2024-08-28T15:26:32.670+05:00 level=INFO msg="Router and routes initialized"
time=2024-08-28T15:26:32.670+05:00 level=INFO msg="Starting server" port=8080
time=2024-08-28T15:37:33.895+05:00 level=INFO msg="Logger initialized"
time=2024-08-28T15:37:33.900+05:00 level=INFO msg="Connected to database"
time=2024-08-28T15:37:33.914+05:00 level=INFO msg="Connected to Redis"
time=2024-08-28T15:37:33.915+05:00 level=INFO msg="OpenTelemetry Tracer initialized"
time=2024-08-28T15:37:33.915+05:00 level=INFO msg="Prometheus metrics initialized"
time=2024-08-28T15:37:33.915+05:00 level=INFO msg="Service and repository layers initialized"
time=2024-08-28T15:37:33.915+05:00 level=INFO msg="Router and routes initialized"
time=2024-08-28T15:37:33.915+05:00 level=INFO msg="Starting server" port=8080
time=2024-08-28T15:50:09.009+05:00 level=INFO msg="Shutdown signal received, shutting down gracefully"
time=2024-08-28T15:50:09.010+05:00 level=INFO msg="Server shutdown gracefully"
time=2024-08-28T16:50:39.265+05:00 level=INFO msg="Logger initialized"
time=2024-08-28T16:50:39.370+05:00 level=INFO msg="Connected to database"
time=2024-08-28T16:51:30.631+05:00 level=INFO msg="Logger initialized"
time=2024-08-28T16:51:30.635+05:00 level=INFO msg="Connected to database"
time=2024-08-28T16:51:30.653+05:00 level=INFO msg="Connected to Redis"
time=2024-08-28T16:51:30.654+05:00 level=INFO msg="OpenTelemetry Tracer initialized"
time=2024-08-28T16:51:30.654+05:00 level=INFO msg="Prometheus metrics initialized"
time=2024-08-28T16:51:30.654+05:00 level=INFO msg="Service and repository layers initialized"
time=2024-08-28T16:51:30.654+05:00 level=INFO msg="Router and routes initialized"
time=2024-08-28T16:51:30.654+05:00 level=INFO msg="Starting server" port=8080
time=2024-08-28T17:14:22.858+05:00 level=INFO msg="Logger initialized"
time=2024-08-28T17:14:22.870+05:00 level=INFO msg="Connected to database"
time=2024-08-28T17:14:22.893+05:00 level=INFO msg="Connected to Redis"
time=2024-08-28T17:14:22.893+05:00 level=INFO msg="OpenTelemetry Tracer initialized"
time=2024-08-28T17:14:22.893+05:00 level=INFO msg="Prometheus metrics initialized"
time=2024-08-28T17:14:22.893+05:00 level=INFO msg="Service and repository layers initialized"
time=2024-08-28T17:14:22.893+05:00 level=INFO msg="Router and routes initialized"
time=2024-08-28T17:14:22.893+05:00 level=INFO msg="Starting server" port=8080
time=2024-08-28T17:17:46.448+05:00 level=INFO msg="Shutdown signal received, shutting down gracefully"
time=2024-08-28T17:17:46.449+05:00 level=INFO msg="Server shutdown gracefully"
time=2024-08-28T19:35:03.077+05:00 level=INFO msg="Logger initialized"
time=2024-08-28T19:35:03.113+05:00 level=INFO msg="Connected to database"
time=2024-08-28T19:35:03.137+05:00 level=INFO msg="Connected to Redis"
time=2024-08-28T19:35:03.138+05:00 level=INFO msg="OpenTelemetry Tracer initialized"
time=2024-08-28T19:35:03.138+05:00 level=INFO msg="Prometheus metrics initialized"
time=2024-08-28T19:35:03.138+05:00 level=INFO msg="Service and repository layers initialized"
time=2024-08-28T19:35:03.138+05:00 level=INFO msg="Router and routes initialized"
time=2024-08-28T19:35:03.138+05:00 level=INFO msg="Starting server" port=8080
